<?xml version="1.0" encoding="utf-8"?><testsuites name="pytest tests"><testsuite name="pytest" errors="0" failures="0" skipped="0" tests="20" time="59.975" timestamp="2026-03-07T11:34:12.263331+00:00" hostname="agent-env-af42fb90-7487-4e1a-bc74-cbaa210994c3"><testcase classname="tests.test_wbuk_api.TestHealthCheck" name="test_health_endpoint" time="0.211" /><testcase classname="tests.test_wbuk_api.TestHealthCheck" name="test_root_endpoint" time="0.108" /><testcase classname="tests.test_wbuk_api.TestSessionEndpoints" name="test_create_session" time="0.113" /><testcase classname="tests.test_wbuk_api.TestSessionEndpoints" name="test_verify_valid_session" time="0.201" /><testcase classname="tests.test_wbuk_api.TestSessionEndpoints" name="test_verify_invalid_session" time="0.134" /><testcase classname="tests.test_wbuk_api.TestChatEndpoints" name="test_chat_start_returns_welcome_message" time="0.230" /><testcase classname="tests.test_wbuk_api.TestChatEndpoints" name="test_chat_message_ai_response" time="3.230" /><testcase classname="tests.test_wbuk_api.TestChatEndpoints" name="test_multi_turn_conversation" time="10.330" /><testcase classname="tests.test_wbuk_api.TestChatEndpoints" name="test_chat_history_retrieval" time="2.182" /><testcase classname="tests.test_wbuk_api.TestAdminAuth" name="test_admin_login_success" time="0.328" /><testcase classname="tests.test_wbuk_api.TestAdminAuth" name="test_admin_login_invalid_credentials" time="0.095" /><testcase classname="tests.test_wbuk_api.TestAdminAuth" name="test_admin_me_endpoint" time="0.416" /><testcase classname="tests.test_wbuk_api.TestAdminStats" name="test_admin_stats_endpoint" time="0.435" /><testcase classname="tests.test_wbuk_api.TestAdminStats" name="test_admin_stats_requires_auth" time="0.098" /><testcase classname="tests.test_wbuk_api.TestAdminCaseList" name="test_admin_cases_list" time="0.458" /><testcase classname="tests.test_wbuk_api.TestAdminCaseList" name="test_admin_cases_pagination" time="0.427" /><testcase classname="tests.test_wbuk_api.TestAdminCaseList" name="test_admin_cases_filter_by_status" time="0.437" /><testcase classname="tests.test_wbuk_api.TestAdminCaseList" name="test_admin_cases_requires_auth" time="0.115" /><testcase classname="tests.test_wbuk_api.TestEvidenceUpload" name="test_evidence_list_for_session" time="0.215" /><testcase classname="tests.test_wbuk_api.TestTriageEndpoints" name="test_case_submission" time="40.095" /></testsuite></testsuites>